<?xml version="1.0" encoding="UTF-8"?>
<!-- Generated by org.testng.reporters.JUnitXMLReporter -->
<testsuite ignored="0" hostname="DESKTOP-0ATTFP4" failures="1" tests="10" name="All Tests" time="102.89" errors="0" timestamp="2026-03-27T17:34:02 IST">
  <testcase classname="com.automation.tests.SearchTests" name="verifyCaseInsensitiveSearch" time="13.807"/>
  <testcase classname="com.automation.tests.SearchTests" name="verifyClickProduct" time="8.284">
    <skipped/>
  </testcase> <!-- verifyClickProduct -->
  <testcase classname="com.automation.tests.SearchTests" name="verifyClickProduct" time="5.092">
    <failure type="java.lang.AssertionError" message="&amp;apos;About the Book&amp;apos; section not found. Navigation failed. expected [true] but found [false]">
      <![CDATA[java.lang.AssertionError: 'About the Book' section not found. Navigation failed. expected [true] but found [false]
at com.automation.tests.SearchTests.verifyClickProduct(SearchTests.java:113)
at java.base/java.util.concurrent.Executors$RunnableAdapter.call(Executors.java:572)
at java.base/java.util.concurrent.FutureTask.run(FutureTask.java:317)
at java.base/java.util.concurrent.ThreadPoolExecutor.runWorker(ThreadPoolExecutor.java:1144)
at java.base/java.util.concurrent.ThreadPoolExecutor$Worker.run(ThreadPoolExecutor.java:642)
at java.base/java.lang.Thread.run(Thread.java:1583)
... Removed 14 stack frames]]>
    </failure>
  </testcase> <!-- verifyClickProduct -->
  <testcase classname="com.automation.tests.SearchTests" name="verifyEmptySearch" time="1.066"/>
  <testcase classname="com.automation.tests.SearchTests" name="verifyHomePageTitle" time="0.02"/>
  <testcase classname="com.automation.tests.SearchTests" name="verifyInvalidSearch" time="6.188"/>
  <testcase classname="com.automation.tests.SearchTests" name="verifyInvalidSearch" time="9.565"/>
  <testcase classname="com.automation.tests.SearchTests" name="verifySearchRelevance" time="1.753"/>
  <testcase classname="com.automation.tests.SearchTests" name="verifySearchWithEnter" time="3.682"/>
  <testcase classname="com.automation.tests.SearchTests" name="verifyValidSearch" time="7.166"/>
</testsuite> <!-- All Tests -->
