<?xml version="1.0" encoding="UTF-8"?>
<!-- Generated by org.testng.reporters.JUnitReportReporter -->
<testsuite hostname="DESKTOP-0ATTFP4" failures="0" tests="7" name="com.automation.tests.CartTests" time="198.965" errors="0" timestamp="2026-03-27T16:19:38 IST" skipped="2">
  <testcase classname="com.automation.tests.CartTests" name="verifyQuantityIncrement" time="16.664">
    <skipped/>
  </testcase> <!-- verifyQuantityIncrement -->
  <testcase classname="com.automation.tests.CartTests" name="verifyAddToCartSingleProduct" time="34.158"/>
  <testcase classname="com.automation.tests.CartTests" name="verifyAddToCartSingleProduct" time="21.217">
    <skipped/>
  </testcase> <!-- verifyAddToCartSingleProduct -->
  <testcase classname="com.automation.tests.CartTests" name="verifyQuantityIncrement" time="24.672"/>
  <testcase classname="com.automation.tests.CartTests" name="verifyCartSummaryMatchesProductTotal" time="26.260"/>
  <testcase classname="com.automation.tests.CartTests" name="verifyProductTotalCalculation" time="34.113"/>
  <testcase classname="com.automation.tests.CartTests" name="verifyQuantityDecrement" time="41.881"/>
</testsuite> <!-- com.automation.tests.CartTests -->
