<?xml version="1.0" encoding="UTF-8"?>
<!-- Generated by org.testng.reporters.JUnitReportReporter -->
<testsuite hostname="DESKTOP-0ATTFP4" failures="1" tests="10" name="com.automation.tests.SearchTests" time="102.081" errors="0" timestamp="2026-03-27T17:34:02 IST" skipped="1">
  <testcase classname="com.automation.tests.SearchTests" name="verifyCaseInsensitiveSearch" time="19.815"/>
  <testcase classname="com.automation.tests.SearchTests" name="verifyEmptySearch" time="3.038"/>
  <testcase classname="com.automation.tests.SearchTests" name="verifyInvalidSearch" time="16.501"/>
  <testcase classname="com.automation.tests.SearchTests" name="verifyClickProduct" time="14.395">
    <failure message="&#039;About the Book&#039; section not found. Navigation failed. expected [true] but found [false]" type="java.lang.AssertionError">
      <![CDATA[java.lang.AssertionError: 'About the Book' section not found. Navigation failed. expected [true] but found [false]
at org.testng.Assert.fail(Assert.java:111)
at org.testng.Assert.failNotEquals(Assert.java:1578)
at org.testng.Assert.assertTrue(Assert.java:57)
at com.automation.tests.SearchTests.verifyClickProduct(SearchTests.java:113)
at java.base/jdk.internal.reflect.DirectMethodHandleAccessor.invoke(DirectMethodHandleAccessor.java:103)
at java.base/java.lang.reflect.Method.invoke(Method.java:580)
at org.testng.internal.invokers.MethodInvocationHelper.invokeMethod(MethodInvocationHelper.java:139)
at org.testng.internal.invokers.TestInvoker.invokeMethod(TestInvoker.java:664)
at org.testng.internal.invokers.TestInvoker.retryFailed(TestInvoker.java:249)
at org.testng.internal.invokers.MethodRunner.runInSequence(MethodRunner.java:76)
at org.testng.internal.invokers.TestInvoker$MethodInvocationAgent.invoke(TestInvoker.java:961)
at org.testng.internal.invokers.TestInvoker.invokeTestMethods(TestInvoker.java:201)
at org.testng.internal.invokers.TestMethodWorker.invokeTestMethods(TestMethodWorker.java:148)
at org.testng.internal.invokers.TestMethodWorker.run(TestMethodWorker.java:128)
at java.base/java.util.concurrent.Executors$RunnableAdapter.call(Executors.java:572)
at java.base/java.util.concurrent.FutureTask.run(FutureTask.java:317)
at org.testng.internal.thread.graph.TestNGFutureTask.run(TestNGFutureTask.java:22)
at java.base/java.util.concurrent.ThreadPoolExecutor.runWorker(ThreadPoolExecutor.java:1144)
at java.base/java.util.concurrent.ThreadPoolExecutor$Worker.run(ThreadPoolExecutor.java:642)
at java.base/java.lang.Thread.run(Thread.java:1583)
]]>
    </failure>
  </testcase> <!-- verifyClickProduct -->
  <testcase classname="com.automation.tests.SearchTests" name="verifyClickProduct" time="10.621">
    <skipped/>
  </testcase> <!-- verifyClickProduct -->
  <testcase classname="com.automation.tests.SearchTests" name="verifyInvalidSearch" time="8.158"/>
  <testcase classname="com.automation.tests.SearchTests" name="verifyValidSearch" time="9.295"/>
  <testcase classname="com.automation.tests.SearchTests" name="verifySearchRelevance" time="8.066"/>
  <testcase classname="com.automation.tests.SearchTests" name="verifyHomePageTitle" time="6.346"/>
  <testcase classname="com.automation.tests.SearchTests" name="verifySearchWithEnter" time="5.846"/>
</testsuite> <!-- com.automation.tests.SearchTests -->
